 Volume in drive D is Data
 Volume Serial Number is 7814-AF37

 Directory of D:\workspace\jumbo6\src\main\java\org\xmlcml\cml\tools

02/02/2012  11:41    <DIR>          .
02/02/2012  11:41    <DIR>          ..
18/07/2011  18:30             6,366 AbstractDisplay.java
18/07/2011  18:30             3,202 AbstractFormulaIdNameDisplay.java
18/07/2011  18:30             4,372 AbstractSVGTool.java
18/07/2011  18:30             2,747 ActionTool.java
18/07/2011  18:30             1,870 AcyclicChain.java
18/07/2011  18:30             2,082 AmountTool.java
18/07/2011  18:30             7,004 AngleTool.java
18/07/2011  18:30             1,611 AtomBondPair.java
18/07/2011  18:30            13,392 AtomDisplay.java
18/07/2011  15:26               723 AtomGeometry.java
18/07/2011  18:30            37,731 AtomMatcher.java
18/07/2011  18:30            27,826 AtomMatcher2D.java
18/07/2011  18:30             2,442 AtomMatcher3D.java
18/07/2011  18:30             5,723 AtomMatchObject.java
18/07/2011  18:30             2,705 AtomPair.java
18/07/2011  18:30             5,712 AtomPath.java
18/07/2011  18:30            39,070 AtomSetTool.java
03/08/2011  15:20            76,691 AtomTool.java
18/07/2011  18:30            11,486 AtomTree.java
18/07/2011  18:30             6,627 AtomTreeData.java
20/07/2011  15:15            21,190 AtomTreeMatcher.java
18/07/2011  18:30               976 AttributesTool.java
18/07/2011  18:30             5,595 BondDisplay.java
18/07/2011  18:30             6,987 BondOrder.java
18/07/2011  18:30             5,248 BondSetTool.java
23/07/2011  21:22            19,175 BondTool.java
18/07/2011  18:30             1,272 BoundingBoxBundle.java
18/07/2011  18:30             2,165 BridgeAtom.java
18/07/2011  18:30             5,685 Catalog.java
18/07/2011  18:30             1,778 CatalogListChild.java
18/07/2011  18:30             8,090 CatalogManager.java
18/07/2011  18:30             3,211 CatalogUtil.java
18/07/2011  18:30            22,016 Chain.java
18/07/2011  18:30             1,323 ChainAtom.java
18/07/2011  18:30             6,833 ChainSet.java
18/07/2011  18:30             8,345 CIPTool.java
18/07/2011  18:30             6,137 CMLAttributeNew.java
18/07/2011  18:30             3,852 CMLSVGTool.java
18/07/2011  18:30             3,758 CMLXTool.java
20/07/2011  21:08            34,066 ConnectionTableTool.java
18/07/2011  18:30             4,856 Contact.java
18/07/2011  18:30            45,236 CrystalTool.java
20/07/2011  15:03            15,724 DictionaryTool.java
18/07/2011  18:30             8,181 DisorderAssembly.java
18/07/2011  18:30             5,108 DisorderGroup.java
18/07/2011  18:30            25,782 DisorderTool.java
18/07/2011  18:30             2,992 DisorderToolControls.java
18/07/2011  18:30             9,468 ElectronDisplay.java
18/07/2011  18:30             1,672 ElectronPair.java
18/07/2011  18:30             2,500 ElectronTool.java
18/07/2011  18:30             1,815 ElementTool.java
18/07/2011  18:30            32,507 EntryTool.java
18/07/2011  18:30             1,121 FormulaDisplay.java
18/07/2011  18:30             8,713 FormulaTool.java
18/07/2011  18:30            14,495 FragmentConverter.java
18/07/2011  18:30             2,683 FragmentListTool.java
18/07/2011  18:30            33,180 FragmentSequence.java
18/07/2011  18:30            51,852 FragmentTool.java
18/07/2011  18:30            45,928 GeometryTool.java
18/07/2011  18:30             8,186 GroupTool.java
18/07/2011  18:30            21,288 InlineMolecule.java
18/07/2011  18:30             2,604 InlineTool.java
18/07/2011  18:30            13,422 JoinTool.java
18/07/2011  18:30             9,381 Junction.java
02/02/2012  11:41                 0 junk.log
18/07/2011  18:30             1,858 KpointTool.java
18/07/2011  18:30             3,960 LengthTool.java
18/07/2011  18:30             5,054 LinkTool.java
18/07/2011  18:30            11,965 MappedAtomPair.java
18/07/2011  18:30            14,583 MappedBondPair.java
18/07/2011  18:30             6,245 MapTool.java
18/07/2011  18:30    <DIR>          matcher
18/07/2011  18:30             1,986 MetadataTool.java
18/07/2011  18:30            11,316 MoleculeDisplay.java
18/07/2011  18:30             5,614 MoleculeDisplayList.java
18/07/2011  18:30             4,190 MoleculeFrame.java
18/07/2011  18:30            17,549 MoleculeLayout.java
18/07/2011  18:30             5,313 MoleculeListTool.java
18/07/2011  18:30             2,435 MoleculePair.java
18/07/2011  18:30            12,221 MoleculePanel.java
18/07/2011  18:30             8,217 MoleculeText.java
23/07/2011  21:27           144,034 MoleculeTool.java
20/07/2011  21:11            20,392 Morgan.java
18/07/2011  18:30             2,987 MorganAtomMatcher.java
18/07/2011  18:30             7,194 MorganMD5.java
18/07/2011  18:30             1,130 NameDisplay.java
18/07/2011  18:30               722 Orientation.java
18/07/2011  18:30    <DIR>          oscar
18/07/2011  18:30            96,453 OscarTool.java
18/07/2011  18:30            15,126 PeakListTool.java
18/07/2011  18:30             4,576 PeakTool.java
18/07/2011  18:30            24,533 PiSystem.java
18/07/2011  18:30             4,380 PiSystemControls.java
18/07/2011  18:30    <DIR>          polymer
18/07/2011  18:30            28,415 PolymerTool.java
18/07/2011  18:30             2,237 ProductTool.java
18/07/2011  18:30             3,925 PropertyTool.java
18/07/2011  18:30             4,181 ReactantTool.java
20/07/2011  16:01             9,375 ReactionAtomChange.java
20/07/2011  16:02             8,592 ReactionBondChange.java
18/07/2011  18:30             1,616 ReactionChange.java
18/07/2011  18:30             3,195 ReactionDisplay.java
20/07/2011  21:10            72,284 ReactionTool.java
18/07/2011  18:30             2,300 ReactionTransformTool.java
18/07/2011  18:30             5,909 ResourceManager.java
18/07/2011  18:30            16,094 Ring.java
20/07/2011  11:28            19,325 RingNucleus.java
18/07/2011  18:30             6,656 RingNucleusSet.java
18/07/2011  18:30             6,860 SelectionTool.java
18/07/2011  18:30             5,992 SMILESBuffer.java
20/07/2011  15:07            35,711 SMILESTool.java
18/07/2011  18:30             6,653 SMILESWriter.java
18/07/2011  18:30            13,067 SpanningTree.java
18/07/2011  18:30             3,031 SpanningTreeElement.java
18/07/2011  18:30             4,918 SpectrumTool.java
20/07/2011  15:10             4,425 Sprout.java
18/07/2011  18:30            32,561 StereochemistryTool.java
18/07/2011  18:30             5,456 TableContentTool.java
18/07/2011  18:30             3,033 TableHeaderTool.java
18/07/2011  18:30             8,295 TableRowListTool.java
18/07/2011  18:30             2,208 TableRowTool.java
18/07/2011  18:30            14,119 TableTool.java
18/07/2011  18:30             1,473 TestString.java
18/07/2011  18:30             5,915 TextDisplay.java
18/07/2011  18:30             6,614 TorsionTool.java
18/07/2011  18:30               715 Type.java
18/07/2011  18:30            51,483 ValencyTool.java
             124 File(s)      1,626,444 bytes
               5 Dir(s)  160,742,985,728 bytes free
